{
  "0 debug pnpm:scope": {
    "selected": 5,
    "total": 5,
    "workspacePrefix": "/Users/xianqiulong/Projects/node/applet-request"
  },
  "1 debug pnpm:package-manifest": {
    "initial": {
      "name": "@applet-request/adapters",
      "version": "1.0.0",
      "description": "",
      "main": "index.js",
      "scripts": {
        "test": "echo \"Error: no test specified\" && exit 1"
      },
      "keywords": [],
      "author": "",
      "license": "MIT"
    },
    "prefix": "/Users/xianqiulong/Projects/node/applet-request/packages/adapters"
  },
  "2 debug pnpm:package-manifest": {
    "initial": {
      "name": "@applet-request/core",
      "version": "1.0.0",
      "description": "",
      "main": "index.js",
      "scripts": {
        "test": "echo \"Error: no test specified\" && exit 1"
      },
      "keywords": [],
      "author": "",
      "license": "MIT"
    },
    "prefix": "/Users/xianqiulong/Projects/node/applet-request/packages/core"
  },
  "3 debug pnpm:package-manifest": {
    "initial": {
      "name": "@applet-request/eslint-config-ts",
      "version": "0.1.0",
      "description": "",
      "author": "",
      "license": "MIT",
      "homepage": "https://github.com/antfu/eslint-config",
      "keywords": [
        "eslint-config"
      ],
      "main": "index.js",
      "files": [
        "index.js"
      ],
      "peerDependencies": {
        "eslint": ">=7.4.0",
        "typescript": ">=3.9"
      },
      "dependencies": {
        "@typescript-eslint/eslint-plugin": "^5.55.0",
        "@typescript-eslint/parser": "^5.55.0",
        "eslint-import-resolver-typescript": "^3.5.3"
      },
      "devDependencies": {
        "eslint": "^8.36.0"
      }
    },
    "prefix": "/Users/xianqiulong/Projects/node/applet-request/packages/eslint-config-ts"
  },
  "4 debug pnpm:package-manifest": {
    "initial": {
      "name": "@applet-request/shared",
      "version": "1.0.0",
      "description": "",
      "main": "index.js",
      "scripts": {
        "test": "echo \"Error: no test specified\" && exit 1"
      },
      "keywords": [],
      "author": "",
      "license": "MIT"
    },
    "prefix": "/Users/xianqiulong/Projects/node/applet-request/packages/shared"
  },
  "5 debug pnpm:package-manifest": {
    "initial": {
      "name": "applet-request",
      "version": "1.0.0",
      "description": "#### Description uniapp下的request封装",
      "main": "index.js",
      "scripts": {
        "add:husky-lint-staged": "husky add .husky/pre-commit 'npm run lint-staged'",
        "add:husky-commitlint": "husky add .husky/commit-msg 'npm run commitlint'",
        "lint-staged": "lint-staged",
        "commitlint": "commitlint --config .commitlintrc.cjs --edit $1",
        "husky:init": "npx husky-init",
        "prepare": "husky install"
      },
      "keywords": [],
      "author": "",
      "license": "MIT",
      "repository": {
        "type": "git",
        "url": "https://gitee.com/JSshuai2015/uni-request"
      },
      "engines": {
        "node": ">=16.13.1",
        "pnpm": ">=6.32.20"
      },
      "devDependencies": {
        "@commitlint/cli": "^17.5.1",
        "@commitlint/config-conventional": "^17.4.4",
        "@dcloudio/types": "^3.3.2",
        "@dcloudio/uni-app": "^3.0.0-alpha-3000020210521001",
        "@types/node": "^18.15.1",
        "@typescript-eslint/eslint-plugin": "^5.57.0",
        "@typescript-eslint/parser": "^5.57.0",
        "@applet-request/adapters": "workspace:^1.0.0",
        "@applet-request/core": "workspace:^1.0.0",
        "@applet-request/eslint-config-ts": "workspace:^0.1.0",
        "@applet-request/shared": "workspace:^1.0.0",
        "@vitest/ui": "^0.29.2",
        "assert": "^2.0.0",
        "eslint": "^8.36.0",
        "eslint-config-airbnb-base": "^15.0.0",
        "eslint-plugin-import": "^2.27.5",
        "husky": "^8.0.0",
        "lint-staged": "^13.2.0",
        "ts-node": "^10.9.1",
        "typescript": "^4.9.5",
        "vitest": "^0.29.2"
      }
    },
    "prefix": "/Users/xianqiulong/Projects/node/applet-request"
  },
  "6 debug pnpm:context": {
    "currentLockfileExists": false,
    "storeDir": "/Users/xianqiulong/.pnpm-store/v3",
    "virtualStoreDir": "/Users/xianqiulong/Projects/node/applet-request/node_modules/.pnpm"
  },
  "7 debug pnpm:stage": {
    "prefix": "/Users/xianqiulong/Projects/node/applet-request",
    "stage": "resolution_started"
  },
  "8 debug pnpm:_dependency_resolved": {
    "resolution": "link:packages/adapters",
    "wanted": {
      "dependentId": ".",
      "name": "@applet-request/adapters",
      "rawSpec": "workspace:^1.0.0"
    }
  },
  "9 debug pnpm:_dependency_resolved": {
    "resolution": "link:packages/core",
    "wanted": {
      "dependentId": ".",
      "name": "@applet-request/core",
      "rawSpec": "workspace:^1.0.0"
    }
  },
  "10 debug pnpm:_dependency_resolved": {
    "resolution": "link:packages/eslint-config-ts",
    "wanted": {
      "dependentId": ".",
      "name": "@applet-request/eslint-config-ts",
      "rawSpec": "workspace:^0.1.0"
    }
  },
  "11 debug pnpm:_dependency_resolved": {
    "resolution": "link:packages/shared",
    "wanted": {
      "dependentId": ".",
      "name": "@applet-request/shared",
      "rawSpec": "workspace:^1.0.0"
    }
  },
  "12 debug pnpm:_dependency_resolved": {
    "resolution": "mirrors.tencent.com/@commitlint/cli/17.5.1",
    "wanted": {
      "dependentId": ".",
      "name": "@commitlint/cli",
      "rawSpec": "^17.5.1"
    }
  },
  "13 debug pnpm:progress": {
    "packageId": "mirrors.tencent.com/@commitlint/cli/17.5.1",
    "requester": "/Users/xianqiulong/Projects/node/applet-request",
    "status": "resolved"
  },
  "14 debug pnpm:_dependency_resolved": {
    "resolution": "mirrors.tencent.com/assert/2.0.0",
    "wanted": {
      "dependentId": ".",
      "name": "assert",
      "rawSpec": "^2.0.0"
    }
  },
  "15 debug pnpm:progress": {
    "packageId": "mirrors.tencent.com/assert/2.0.0",
    "requester": "/Users/xianqiulong/Projects/node/applet-request",
    "status": "resolved"
  },
  "16 debug pnpm:progress": {
    "packageId": "mirrors.tencent.com/@commitlint/cli/17.5.1",
    "requester": "/Users/xianqiulong/Projects/node/applet-request",
    "status": "found_in_store"
  },
  "17 debug pnpm:progress": {
    "packageId": "mirrors.tencent.com/assert/2.0.0",
    "requester": "/Users/xianqiulong/Projects/node/applet-request",
    "status": "found_in_store"
  },
  "18 debug pnpm:_dependency_resolved": {
    "resolution": "mirrors.tencent.com/eslint-config-airbnb-base/15.0.0",
    "wanted": {
      "dependentId": ".",
      "name": "eslint-config-airbnb-base",
      "rawSpec": "^15.0.0"
    }
  },
  "19 debug pnpm:progress": {
    "packageId": "mirrors.tencent.com/eslint-config-airbnb-base/15.0.0",
    "requester": "/Users/xianqiulong/Projects/node/applet-request",
    "status": "resolved"
  },
  "20 debug pnpm:progress": {
    "packageId": "mirrors.tencent.com/eslint-config-airbnb-base/15.0.0",
    "requester": "/Users/xianqiulong/Projects/node/applet-request",
    "status": "found_in_store"
  },
  "21 debug pnpm:_dependency_resolved": {
    "resolution": "mirrors.tencent.com/eslint-plugin-import/2.27.5",
    "wanted": {
      "dependentId": ".",
      "name": "eslint-plugin-import",
      "rawSpec": "^2.27.5"
    }
  },
  "22 debug pnpm:progress": {
    "packageId": "mirrors.tencent.com/eslint-plugin-import/2.27.5",
    "requester": "/Users/xianqiulong/Projects/node/applet-request",
    "status": "resolved"
  },
  "23 debug pnpm:progress": {
    "packageId": "mirrors.tencent.com/eslint-plugin-import/2.27.5",
    "requester": "/Users/xianqiulong/Projects/node/applet-request",
    "status": "found_in_store"
  },
  "24 debug pnpm:_dependency_resolved": {
    "resolution": "mirrors.tencent.com/@commitlint/config-conventional/17.4.4",
    "wanted": {
      "dependentId": ".",
      "name": "@commitlint/config-conventional",
      "rawSpec": "^17.4.4"
    }
  },
  "25 debug pnpm:progress": {
    "packageId": "mirrors.tencent.com/@commitlint/config-conventional/17.4.4",
    "requester": "/Users/xianqiulong/Projects/node/applet-request",
    "status": "resolved"
  },
  "26 debug pnpm:_dependency_resolved": {
    "resolution": "mirrors.tencent.com/eslint-import-resolver-typescript/3.5.3",
    "wanted": {
      "dependentId": "packages/eslint-config-ts",
      "name": "eslint-import-resolver-typescript",
      "rawSpec": "^3.5.3"
    }
  },
  "27 debug pnpm:progress": {
    "packageId": "mirrors.tencent.com/eslint-import-resolver-typescript/3.5.3",
    "requester": "/Users/xianqiulong/Projects/node/applet-request",
    "status": "resolved"
  },
  "28 debug pnpm:_dependency_resolved": {
    "resolution": "mirrors.tencent.com/ts-node/10.9.1",
    "wanted": {
      "dependentId": ".",
      "name": "ts-node",
      "rawSpec": "^10.9.1"
    }
  },
  "29 debug pnpm:progress": {
    "packageId": "mirrors.tencent.com/ts-node/10.9.1",
    "requester": "/Users/xianqiulong/Projects/node/applet-request",
    "status": "resolved"
  },
  "30 debug pnpm:_dependency_resolved": {
    "resolution": "mirrors.tencent.com/eslint/8.37.0",
    "wanted": {
      "dependentId": "packages/eslint-config-ts",
      "name": "eslint",
      "rawSpec": "^8.36.0"
    }
  },
  "31 debug pnpm:_dependency_resolved": {
    "resolution": "mirrors.tencent.com/eslint/8.37.0",
    "wanted": {
      "dependentId": ".",
      "name": "eslint",
      "rawSpec": "^8.36.0"
    }
  },
  "32 debug pnpm:progress": {
    "packageId": "mirrors.tencent.com/eslint/8.37.0",
    "requester": "/Users/xianqiulong/Projects/node/applet-request",
    "status": "resolved"
  },
  "33 debug pnpm:progress": {
    "packageId": "mirrors.tencent.com/@commitlint/config-conventional/17.4.4",
    "requester": "/Users/xianqiulong/Projects/node/applet-request",
    "status": "found_in_store"
  },
  "34 debug pnpm:progress": {
    "packageId": "mirrors.tencent.com/eslint-import-resolver-typescript/3.5.3",
    "requester": "/Users/xianqiulong/Projects/node/applet-request",
    "status": "found_in_store"
  },
  "35 debug pnpm:progress": {
    "packageId": "mirrors.tencent.com/ts-node/10.9.1",
    "requester": "/Users/xianqiulong/Projects/node/applet-request",
    "status": "found_in_store"
  },
  "36 debug pnpm:_dependency_resolved": {
    "resolution": "mirrors.tencent.com/husky/8.0.3",
    "wanted": {
      "dependentId": ".",
      "name": "husky",
      "rawSpec": "^8.0.0"
    }
  },
  "37 debug pnpm:progress": {
    "packageId": "mirrors.tencent.com/husky/8.0.3",
    "requester": "/Users/xianqiulong/Projects/node/applet-request",
    "status": "resolved"
  },
  "38 debug pnpm:_dependency_resolved": {
    "resolution": "mirrors.tencent.com/lint-staged/13.2.0",
    "wanted": {
      "dependentId": ".",
      "name": "lint-staged",
      "rawSpec": "^13.2.0"
    }
  },
  "39 debug pnpm:progress": {
    "packageId": "mirrors.tencent.com/lint-staged/13.2.0",
    "requester": "/Users/xianqiulong/Projects/node/applet-request",
    "status": "resolved"
  },
  "40 debug pnpm:fetching-progress": {
    "attempt": 1,
    "packageId": "mirrors.tencent.com/eslint/8.37.0",
    "size": 532444,
    "status": "started"
  },
  "41 debug pnpm:progress": {
    "packageId": "mirrors.tencent.com/husky/8.0.3",
    "requester": "/Users/xianqiulong/Projects/node/applet-request",
    "status": "found_in_store"
  },
  "42 debug pnpm:progress": {
    "packageId": "mirrors.tencent.com/lint-staged/13.2.0",
    "requester": "/Users/xianqiulong/Projects/node/applet-request",
    "status": "found_in_store"
  },
  "43 debug pnpm:_dependency_resolved": {
    "resolution": "mirrors.tencent.com/@vitest/ui/0.29.8",
    "wanted": {
      "dependentId": ".",
      "name": "@vitest/ui",
      "rawSpec": "^0.29.2"
    }
  },
  "44 debug pnpm:progress": {
    "packageId": "mirrors.tencent.com/@vitest/ui/0.29.8",
    "requester": "/Users/xianqiulong/Projects/node/applet-request",
    "status": "resolved"
  },
  "45 debug pnpm:_dependency_resolved": {
    "resolution": "mirrors.tencent.com/vitest/0.29.8",
    "wanted": {
      "dependentId": ".",
      "name": "vitest",
      "rawSpec": "^0.29.2"
    }
  },
  "46 debug pnpm:progress": {
    "packageId": "mirrors.tencent.com/vitest/0.29.8",
    "requester": "/Users/xianqiulong/Projects/node/applet-request",
    "status": "resolved"
  },
  "47 debug pnpm:_dependency_resolved": {
    "resolution": "mirrors.tencent.com/@typescript-eslint/parser/5.57.0",
    "wanted": {
      "dependentId": "packages/eslint-config-ts",
      "name": "@typescript-eslint/parser",
      "rawSpec": "^5.55.0"
    }
  },
  "48 debug pnpm:_dependency_resolved": {
    "resolution": "mirrors.tencent.com/@typescript-eslint/parser/5.57.0",
    "wanted": {
      "dependentId": ".",
      "name": "@typescript-eslint/parser",
      "rawSpec": "^5.57.0"
    }
  },
  "49 debug pnpm:progress": {
    "packageId": "mirrors.tencent.com/@typescript-eslint/parser/5.57.0",
    "requester": "/Users/xianqiulong/Projects/node/applet-request",
    "status": "resolved"
  },
  "50 debug pnpm:fetching-progress": {
    "attempt": 1,
    "packageId": "mirrors.tencent.com/vitest/0.29.8",
    "size": 320241,
    "status": "started"
  },
  "51 debug pnpm:progress": {
    "packageId": "mirrors.tencent.com/@typescript-eslint/parser/5.57.0",
    "requester": "/Users/xianqiulong/Projects/node/applet-request",
    "status": "found_in_store"
  },
  "52 debug pnpm:_dependency_resolved": {
    "resolution": "mirrors.tencent.com/@types/node/18.15.11",
    "wanted": {
      "dependentId": ".",
      "name": "@types/node",
      "rawSpec": "^18.15.1"
    }
  },
  "53 debug pnpm:progress": {
    "packageId": "mirrors.tencent.com/@types/node/18.15.11",
    "requester": "/Users/xianqiulong/Projects/node/applet-request",
    "status": "resolved"
  },
  "54 debug pnpm:_dependency_resolved": {
    "resolution": "mirrors.tencent.com/@typescript-eslint/eslint-plugin/5.57.0",
    "wanted": {
      "dependentId": "packages/eslint-config-ts",
      "name": "@typescript-eslint/eslint-plugin",
      "rawSpec": "^5.55.0"
    }
  },
  "55 debug pnpm:_dependency_resolved": {
    "resolution": "mirrors.tencent.com/@typescript-eslint/eslint-plugin/5.57.0",
    "wanted": {
      "dependentId": ".",
      "name": "@typescript-eslint/eslint-plugin",
      "rawSpec": "^5.57.0"
    }
  },
  "56 debug pnpm:progress": {
    "packageId": "mirrors.tencent.com/@typescript-eslint/eslint-plugin/5.57.0",
    "requester": "/Users/xianqiulong/Projects/node/applet-request",
    "status": "resolved"
  },
  "57 debug pnpm:fetching-progress": {
    "attempt": 1,
    "packageId": "mirrors.tencent.com/@types/node/18.15.11",
    "size": 672405,
    "status": "started"
  },
  "58 debug pnpm:progress": {
    "packageId": "mirrors.tencent.com/@typescript-eslint/eslint-plugin/5.57.0",
    "requester": "/Users/xianqiulong/Projects/node/applet-request",
    "status": "found_in_store"
  },
  "59 debug pnpm:progress": {
    "packageId": "mirrors.tencent.com/eslint/8.37.0",
    "requester": "/Users/xianqiulong/Projects/node/applet-request",
    "status": "fetched"
  },
  "60 debug pnpm:_dependency_resolved": {
    "resolution": "mirrors.tencent.com/is-glob/4.0.3",
    "wanted": {
      "dependentId": "/eslint-import-resolver-typescript/3.5.3",
      "name": "is-glob",
      "rawSpec": "^4.0.3"
    }
  },
  "61 debug pnpm:progress": {
    "packageId": "mirrors.tencent.com/is-glob/4.0.3",
    "requester": "/Users/xianqiulong/Projects/node/applet-request",
    "status": "resolved"
  },
  "62 debug pnpm:progress": {
    "packageId": "mirrors.tencent.com/is-glob/4.0.3",
    "requester": "/Users/xianqiulong/Projects/node/applet-request",
    "status": "found_in_store"
  },
  "63 debug pnpm:progress": {
    "packageId": "mirrors.tencent.com/vitest/0.29.8",
    "requester": "/Users/xianqiulong/Projects/node/applet-request",
    "status": "fetched"
  },
  "64 debug pnpm:_dependency_resolved": {
    "resolution": "mirrors.tencent.com/@eslint-community/regexpp/4.5.0",
    "wanted": {
      "dependentId": "/eslint/8.37.0",
      "name": "@eslint-community/regexpp",
      "rawSpec": "^4.4.0"
    }
  },
  "65 debug pnpm:progress": {
    "packageId": "mirrors.tencent.com/@eslint-community/regexpp/4.5.0",
    "requester": "/Users/xianqiulong/Projects/node/applet-request",
    "status": "resolved"
  },
  "66 debug pnpm:_dependency_resolved": {
    "resolution": "mirrors.tencent.com/typescript/4.9.5",
    "wanted": {
      "dependentId": ".",
      "name": "typescript",
      "rawSpec": "^4.9.5"
    }
  },
  "67 debug pnpm:progress": {
    "packageId": "mirrors.tencent.com/typescript/4.9.5",
    "requester": "/Users/xianqiulong/Projects/node/applet-request",
    "status": "resolved"
  },
  "68 debug pnpm:_dependency_resolved": {
    "resolution": "mirrors.tencent.com/synckit/0.8.5",
    "wanted": {
      "dependentId": "/eslint-import-resolver-typescript/3.5.3",
      "name": "synckit",
      "rawSpec": "^0.8.4"
    }
  },
  "69 debug pnpm:progress": {
    "packageId": "mirrors.tencent.com/synckit/0.8.5",
    "requester": "/Users/xianqiulong/Projects/node/applet-request",
    "status": "resolved"
  },
  "70 debug pnpm:_dependency_resolved": {
    "resolution": "mirrors.tencent.com/debug/4.3.4",
    "wanted": {
      "dependentId": "/eslint-import-resolver-typescript/3.5.3",
      "name": "debug",
      "rawSpec": "^4.3.4"
    }
  },
  "71 debug pnpm:progress": {
    "packageId": "mirrors.tencent.com/debug/4.3.4",
    "requester": "/Users/xianqiulong/Projects/node/applet-request",
    "status": "resolved"
  },
  "72 debug pnpm:_dependency_resolved": {
    "resolution": "mirrors.tencent.com/@humanwhocodes/module-importer/1.0.1",
    "wanted": {
      "dependentId": "/eslint/8.37.0",
      "name": "@humanwhocodes/module-importer",
      "rawSpec": "^1.0.1"
    }
  },
  "73 debug pnpm:progress": {
    "packageId": "mirrors.tencent.com/@humanwhocodes/module-importer/1.0.1",
    "requester": "/Users/xianqiulong/Projects/node/applet-request",
    "status": "resolved"
  },
  "74 debug pnpm:_dependency_resolved": {
    "resolution": "mirrors.tencent.com/globby/13.1.3",
    "wanted": {
      "dependentId": "/eslint-import-resolver-typescript/3.5.3",
      "name": "globby",
      "rawSpec": "^13.1.2"
    }
  },
  "75 debug pnpm:progress": {
    "packageId": "mirrors.tencent.com/globby/13.1.3",
    "requester": "/Users/xianqiulong/Projects/node/applet-request",
    "status": "resolved"
  },
  "76 debug pnpm:_dependency_resolved": {
    "resolution": "mirrors.tencent.com/is-core-module/2.11.0",
    "wanted": {
      "dependentId": "/eslint-import-resolver-typescript/3.5.3",
      "name": "is-core-module",
      "rawSpec": "^2.10.0"
    }
  },
  "77 debug pnpm:progress": {
    "packageId": "mirrors.tencent.com/is-core-module/2.11.0",
    "requester": "/Users/xianqiulong/Projects/node/applet-request",
    "status": "resolved"
  },
  "78 debug pnpm:_dependency_resolved": {
    "resolution": "mirrors.tencent.com/debug/4.3.4",
    "wanted": {
      "dependentId": "/eslint/8.37.0",
      "name": "debug",
      "rawSpec": "^4.3.2"
    }
  },
  "79 debug pnpm:_dependency_resolved": {
    "resolution": "mirrors.tencent.com/get-tsconfig/4.5.0",
    "wanted": {
      "dependentId": "/eslint-import-resolver-typescript/3.5.3",
      "name": "get-tsconfig",
      "rawSpec": "^4.2.0"
    }
  },
  "80 debug pnpm:progress": {
    "packageId": "mirrors.tencent.com/get-tsconfig/4.5.0",
    "requester": "/Users/xianqiulong/Projects/node/applet-request",
    "status": "resolved"
  },
  "81 debug pnpm:progress": {
    "packageId": "mirrors.tencent.com/typescript/4.9.5",
    "requester": "/Users/xianqiulong/Projects/node/applet-request",
    "status": "found_in_store"
  },
  "82 debug pnpm:_dependency_resolved": {
    "resolution": "mirrors.tencent.com/enhanced-resolve/5.12.0",
    "wanted": {
      "dependentId": "/eslint-import-resolver-typescript/3.5.3",
      "name": "enhanced-resolve",
      "rawSpec": "^5.10.0"
    }
  },
  "83 debug pnpm:progress": {
    "packageId": "mirrors.tencent.com/enhanced-resolve/5.12.0",
    "requester": "/Users/xianqiulong/Projects/node/applet-request",
    "status": "resolved"
  },
  "84 debug pnpm:progress": {
    "packageId": "mirrors.tencent.com/synckit/0.8.5",
    "requester": "/Users/xianqiulong/Projects/node/applet-request",
    "status": "found_in_store"
  },
  "85 debug pnpm:progress": {
    "packageId": "mirrors.tencent.com/@humanwhocodes/module-importer/1.0.1",
    "requester": "/Users/xianqiulong/Projects/node/applet-request",
    "status": "found_in_store"
  },
  "86 debug pnpm:progress": {
    "packageId": "mirrors.tencent.com/globby/13.1.3",
    "requester": "/Users/xianqiulong/Projects/node/applet-request",
    "status": "found_in_store"
  },
  "87 debug pnpm:progress": {
    "packageId": "mirrors.tencent.com/debug/4.3.4",
    "requester": "/Users/xianqiulong/Projects/node/applet-request",
    "status": "found_in_store"
  },
  "88 debug pnpm:progress": {
    "packageId": "mirrors.tencent.com/get-tsconfig/4.5.0",
    "requester": "/Users/xianqiulong/Projects/node/applet-request",
    "status": "found_in_store"
  },
  "89 debug pnpm:progress": {
    "packageId": "mirrors.tencent.com/is-core-module/2.11.0",
    "requester": "/Users/xianqiulong/Projects/node/applet-request",
    "status": "found_in_store"
  },
  "90 debug pnpm:progress": {
    "packageId": "mirrors.tencent.com/enhanced-resolve/5.12.0",
    "requester": "/Users/xianqiulong/Projects/node/applet-request",
    "status": "found_in_store"
  },
  "91 debug pnpm:_dependency_resolved": {
    "resolution": "mirrors.tencent.com/@dcloudio/types/3.3.2",
    "wanted": {
      "dependentId": ".",
      "name": "@dcloudio/types",
      "rawSpec": "^3.3.2"
    }
  },
  "92 debug pnpm:progress": {
    "packageId": "mirrors.tencent.com/@dcloudio/types/3.3.2",
    "requester": "/Users/xianqiulong/Projects/node/applet-request",
    "status": "resolved"
  },
  "93 debug pnpm:_dependency_resolved": {
    "resolution": "mirrors.tencent.com/@nodelib/fs.walk/1.2.8",
    "wanted": {
      "dependentId": "/eslint/8.37.0",
      "name": "@nodelib/fs.walk",
      "rawSpec": "^1.2.8"
    }
  },
  "94 debug pnpm:progress": {
    "packageId": "mirrors.tencent.com/@nodelib/fs.walk/1.2.8",
    "requester": "/Users/xianqiulong/Projects/node/applet-request",
    "status": "resolved"
  },
  "95 debug pnpm:progress": {
    "packageId": "mirrors.tencent.com/@dcloudio/types/3.3.2",
    "requester": "/Users/xianqiulong/Projects/node/applet-request",
    "status": "found_in_store"
  },
  "96 debug pnpm:_dependency_resolved": {
    "resolution": "mirrors.tencent.com/chalk/4.1.2",
    "wanted": {
      "dependentId": "/eslint/8.37.0",
      "name": "chalk",
      "rawSpec": "^4.0.0"
    }
  },
  "97 debug pnpm:progress": {
    "packageId": "mirrors.tencent.com/chalk/4.1.2",
    "requester": "/Users/xianqiulong/Projects/node/applet-request",
    "status": "resolved"
  },
  "98 debug pnpm:_dependency_resolved": {
    "resolution": "mirrors.tencent.com/@eslint/eslintrc/2.0.2",
    "wanted": {
      "dependentId": "/eslint/8.37.0",
      "name": "@eslint/eslintrc",
      "rawSpec": "^2.0.2"
    }
  },
  "99 debug pnpm:progress": {
    "packageId": "mirrors.tencent.com/@eslint/eslintrc/2.0.2",
    "requester": "/Users/xianqiulong/Projects/node/applet-request",
    "status": "resolved"
  },
  "100 debug pnpm:progress": {
    "packageId": "mirrors.tencent.com/@nodelib/fs.walk/1.2.8",
    "requester": "/Users/xianqiulong/Projects/node/applet-request",
    "status": "found_in_store"
  },
  "101 debug pnpm:progress": {
    "packageId": "mirrors.tencent.com/chalk/4.1.2",
    "requester": "/Users/xianqiulong/Projects/node/applet-request",
    "status": "found_in_store"
  },
  "102 debug pnpm:fetching-progress": {
    "attempt": 1,
    "packageId": "mirrors.tencent.com/@eslint-community/regexpp/4.5.0",
    "size": 54152,
    "status": "started"
  },
  "103 debug pnpm:_dependency_resolved": {
    "resolution": "mirrors.tencent.com/eslint-scope/7.1.1",
    "wanted": {
      "dependentId": "/eslint/8.37.0",
      "name": "eslint-scope",
      "rawSpec": "^7.1.1"
    }
  },
  "104 debug pnpm:progress": {
    "packageId": "mirrors.tencent.com/eslint-scope/7.1.1",
    "requester": "/Users/xianqiulong/Projects/node/applet-request",
    "status": "resolved"
  },
  "105 debug pnpm:progress": {
    "packageId": "mirrors.tencent.com/eslint-scope/7.1.1",
    "requester": "/Users/xianqiulong/Projects/node/applet-request",
    "status": "found_in_store"
  },
  "106 debug pnpm:_dependency_resolved": {
    "resolution": "mirrors.tencent.com/escape-string-regexp/4.0.0",
    "wanted": {
      "dependentId": "/eslint/8.37.0",
      "name": "escape-string-regexp",
      "rawSpec": "^4.0.0"
    }
  },
  "107 debug pnpm:progress": {
    "packageId": "mirrors.tencent.com/escape-string-regexp/4.0.0",
    "requester": "/Users/xianqiulong/Projects/node/applet-request",
    "status": "resolved"
  },
  "108 debug pnpm:progress": {
    "packageId": "mirrors.tencent.com/escape-string-regexp/4.0.0",
    "requester": "/Users/xianqiulong/Projects/node/applet-request",
    "status": "found_in_store"
  },
  "109 debug pnpm:_dependency_resolved": {
    "resolution": "mirrors.tencent.com/eslint-visitor-keys/3.4.0",
    "wanted": {
      "dependentId": "/eslint/8.37.0",
      "name": "eslint-visitor-keys",
      "rawSpec": "^3.4.0"
    }
  },
  "110 debug pnpm:progress": {
    "packageId": "mirrors.tencent.com/eslint-visitor-keys/3.4.0",
    "requester": "/Users/xianqiulong/Projects/node/applet-request",
    "status": "resolved"
  },
  "111 debug pnpm:_dependency_resolved": {
    "resolution": "mirrors.tencent.com/esquery/1.5.0",
    "wanted": {
      "dependentId": "/eslint/8.37.0",
      "name": "esquery",
      "rawSpec": "^1.4.2"
    }
  },
  "112 debug pnpm:progress": {
    "packageId": "mirrors.tencent.com/esquery/1.5.0",
    "requester": "/Users/xianqiulong/Projects/node/applet-request",
    "status": "resolved"
  },
  "113 debug pnpm:fetching-progress": {
    "attempt": 1,
    "packageId": "mirrors.tencent.com/@eslint/eslintrc/2.0.2",
    "size": 125616,
    "status": "started"
  },
  "114 debug pnpm:_dependency_resolved": {
    "resolution": "mirrors.tencent.com/@eslint-community/eslint-utils/4.4.0",
    "wanted": {
      "dependentId": "/eslint/8.37.0",
      "name": "@eslint-community/eslint-utils",
      "rawSpec": "^4.2.0"
    }
  },
  "115 debug pnpm:progress": {
    "packageId": "mirrors.tencent.com/@eslint-community/eslint-utils/4.4.0",
    "requester": "/Users/xianqiulong/Projects/node/applet-request",
    "status": "resolved"
  },
  "116 debug pnpm:_dependency_resolved": {
    "resolution": "mirrors.tencent.com/fast-deep-equal/3.1.3",
    "wanted": {
      "dependentId": "/eslint/8.37.0",
      "name": "fast-deep-equal",
      "rawSpec": "^3.1.3"
    }
  },
  "117 debug pnpm:progress": {
    "packageId": "mirrors.tencent.com/fast-deep-equal/3.1.3",
    "requester": "/Users/xianqiulong/Projects/node/applet-request",
    "status": "resolved"
  },
  "118 debug pnpm:progress": {
    "packageId": "mirrors.tencent.com/eslint-visitor-keys/3.4.0",
    "requester": "/Users/xianqiulong/Projects/node/applet-request",
    "status": "found_in_store"
  },
  "119 debug pnpm:progress": {
    "packageId": "mirrors.tencent.com/esquery/1.5.0",
    "requester": "/Users/xianqiulong/Projects/node/applet-request",
    "status": "found_in_store"
  },
  "120 debug pnpm:progress": {
    "packageId": "mirrors.tencent.com/@eslint-community/eslint-utils/4.4.0",
    "requester": "/Users/xianqiulong/Projects/node/applet-request",
    "status": "found_in_store"
  },
  "121 debug pnpm:progress": {
    "packageId": "mirrors.tencent.com/fast-deep-equal/3.1.3",
    "requester": "/Users/xianqiulong/Projects/node/applet-request",
    "status": "found_in_store"
  },
  "122 debug pnpm:_dependency_resolved": {
    "resolution": "mirrors.tencent.com/ajv/6.12.6",
    "wanted": {
      "dependentId": "/eslint/8.37.0",
      "name": "ajv",
      "rawSpec": "^6.10.0"
    }
  },
  "123 debug pnpm:progress": {
    "packageId": "mirrors.tencent.com/ajv/6.12.6",
    "requester": "/Users/xianqiulong/Projects/node/applet-request",
    "status": "resolved"
  },
  "124 debug pnpm:progress": {
    "packageId": "mirrors.tencent.com/@eslint-community/regexpp/4.5.0",
    "requester": "/Users/xianqiulong/Projects/node/applet-request",
    "status": "fetched"
  },
  "125 debug pnpm:_dependency_resolved": {
    "resolution": "mirrors.tencent.com/doctrine/3.0.0",
    "wanted": {
      "dependentId": "/eslint/8.37.0",
      "name": "doctrine",
      "rawSpec": "^3.0.0"
    }
  },
  "126 debug pnpm:progress": {
    "packageId": "mirrors.tencent.com/doctrine/3.0.0",
    "requester": "/Users/xianqiulong/Projects/node/applet-request",
    "status": "resolved"
  },
  "127 debug pnpm:_dependency_resolved": {
    "resolution": "mirrors.tencent.com/cross-spawn/7.0.3",
    "wanted": {
      "dependentId": "/eslint/8.37.0",
      "name": "cross-spawn",
      "rawSpec": "^7.0.2"
    }
  },
  "128 debug pnpm:progress": {
    "packageId": "mirrors.tencent.com/cross-spawn/7.0.3",
    "requester": "/Users/xianqiulong/Projects/node/applet-request",
    "status": "resolved"
  },
  "129 debug pnpm:_dependency_resolved": {
    "resolution": "mirrors.tencent.com/is-glob/4.0.3",
    "wanted": {
      "dependentId": "/eslint/8.37.0",
      "name": "is-glob",
      "rawSpec": "^4.0.0"
    }
  },
  "130 debug pnpm:progress": {
    "packageId": "mirrors.tencent.com/ajv/6.12.6",
    "requester": "/Users/xianqiulong/Projects/node/applet-request",
    "status": "found_in_store"
  },
  "131 debug pnpm:progress": {
    "packageId": "mirrors.tencent.com/@types/node/18.15.11",
    "requester": "/Users/xianqiulong/Projects/node/applet-request",
    "status": "fetched"
  },
  "132 debug pnpm:progress": {
    "packageId": "mirrors.tencent.com/doctrine/3.0.0",
    "requester": "/Users/xianqiulong/Projects/node/applet-request",
    "status": "found_in_store"
  },
  "133 debug pnpm:progress": {
    "packageId": "mirrors.tencent.com/cross-spawn/7.0.3",
    "requester": "/Users/xianqiulong/Projects/node/applet-request",
    "status": "found_in_store"
  },
  "134 debug pnpm:_dependency_resolved": {
    "resolution": "mirrors.tencent.com/@humanwhocodes/config-array/0.11.8",
    "wanted": {
      "dependentId": "/eslint/8.37.0",
      "name": "@humanwhocodes/config-array",
      "rawSpec": "^0.11.8"
    }
  },
  "135 debug pnpm:progress": {
    "packageId": "mirrors.tencent.com/@humanwhocodes/config-array/0.11.8",
    "requester": "/Users/xianqiulong/Projects/node/applet-request",
    "status": "resolved"
  },
  "136 debug pnpm:_dependency_resolved": {
    "resolution": "mirrors.tencent.com/esutils/2.0.3",
    "wanted": {
      "dependentId": "/eslint/8.37.0",
      "name": "esutils",
      "rawSpec": "^2.0.2"
    }
  },
  "137 debug pnpm:progress": {
    "packageId": "mirrors.tencent.com/esutils/2.0.3",
    "requester": "/Users/xianqiulong/Projects/node/applet-request",
    "status": "resolved"
  },
  "138 debug pnpm:_dependency_resolved": {
    "resolution": "mirrors.tencent.com/find-up/5.0.0",
    "wanted": {
      "dependentId": "/eslint/8.37.0",
      "name": "find-up",
      "rawSpec": "^5.0.0"
    }
  },
  "139 debug pnpm:progress": {
    "packageId": "mirrors.tencent.com/find-up/5.0.0",
    "requester": "/Users/xianqiulong/Projects/node/applet-request",
    "status": "resolved"
  },
  "140 debug pnpm:progress": {
    "packageId": "mirrors.tencent.com/@humanwhocodes/config-array/0.11.8",
    "requester": "/Users/xianqiulong/Projects/node/applet-request",
    "status": "found_in_store"
  },
  "141 debug pnpm:progress": {
    "packageId": "mirrors.tencent.com/esutils/2.0.3",
    "requester": "/Users/xianqiulong/Projects/node/applet-request",
    "status": "found_in_store"
  },
  "142 debug pnpm:progress": {
    "packageId": "mirrors.tencent.com/find-up/5.0.0",
    "requester": "/Users/xianqiulong/Projects/node/applet-request",
    "status": "found_in_store"
  },
  "143 debug pnpm:_dependency_resolved": {
    "resolution": "mirrors.tencent.com/file-entry-cache/6.0.1",
    "wanted": {
      "dependentId": "/eslint/8.37.0",
      "name": "file-entry-cache",
      "rawSpec": "^6.0.1"
    }
  },
  "144 debug pnpm:progress": {
    "packageId": "mirrors.tencent.com/file-entry-cache/6.0.1",
    "requester": "/Users/xianqiulong/Projects/node/applet-request",
    "status": "resolved"
  },
  "145 debug pnpm:_dependency_resolved": {
    "resolution": "mirrors.tencent.com/is-path-inside/3.0.3",
    "wanted": {
      "dependentId": "/eslint/8.37.0",
      "name": "is-path-inside",
      "rawSpec": "^3.0.3"
    }
  },
  "146 debug pnpm:progress": {
    "packageId": "mirrors.tencent.com/is-path-inside/3.0.3",
    "requester": "/Users/xianqiulong/Projects/node/applet-request",
    "status": "resolved"
  },
  "147 debug pnpm:progress": {
    "packageId": "mirrors.tencent.com/file-entry-cache/6.0.1",
    "requester": "/Users/xianqiulong/Projects/node/applet-request",
    "status": "found_in_store"
  },
  "148 debug pnpm:progress": {
    "packageId": "mirrors.tencent.com/is-path-inside/3.0.3",
    "requester": "/Users/xianqiulong/Projects/node/applet-request",
    "status": "found_in_store"
  },
  "149 debug pnpm:_dependency_resolved": {
    "resolution": "mirrors.tencent.com/globals/13.20.0",
    "wanted": {
      "dependentId": "/eslint/8.37.0",
      "name": "globals",
      "rawSpec": "^13.19.0"
    }
  },
  "150 debug pnpm:progress": {
    "packageId": "mirrors.tencent.com/globals/13.20.0",
    "requester": "/Users/xianqiulong/Projects/node/applet-request",
    "status": "resolved"
  },
  "151 debug pnpm:_dependency_resolved": {
    "resolution": "mirrors.tencent.com/import-fresh/3.3.0",
    "wanted": {
      "dependentId": "/eslint/8.37.0",
      "name": "import-fresh",
      "rawSpec": "^3.0.0"
    }
  },
  "152 debug pnpm:progress": {
    "packageId": "mirrors.tencent.com/import-fresh/3.3.0",
    "requester": "/Users/xianqiulong/Projects/node/applet-request",
    "status": "resolved"
  },
  "153 debug pnpm:_dependency_resolved": {
    "resolution": "mirrors.tencent.com/ignore/5.2.4",
    "wanted": {
      "dependentId": "/eslint/8.37.0",
      "name": "ignore",
      "rawSpec": "^5.2.0"
    }
  },
  "154 debug pnpm:progress": {
    "packageId": "mirrors.tencent.com/ignore/5.2.4",
    "requester": "/Users/xianqiulong/Projects/node/applet-request",
    "status": "resolved"
  },
  "155 debug pnpm:progress": {
    "packageId": "mirrors.tencent.com/globals/13.20.0",
    "requester": "/Users/xianqiulong/Projects/node/applet-request",
    "status": "found_in_store"
  },
  "156 debug pnpm:progress": {
    "packageId": "mirrors.tencent.com/import-fresh/3.3.0",
    "requester": "/Users/xianqiulong/Projects/node/applet-request",
    "status": "found_in_store"
  },
  "157 debug pnpm:progress": {
    "packageId": "mirrors.tencent.com/ignore/5.2.4",
    "requester": "/Users/xianqiulong/Projects/node/applet-request",
    "status": "found_in_store"
  },
  "158 debug pnpm:_dependency_resolved": {
    "resolution": "mirrors.tencent.com/espree/9.5.1",
    "wanted": {
      "dependentId": "/eslint/8.37.0",
      "name": "espree",
      "rawSpec": "^9.5.1"
    }
  },
  "159 debug pnpm:progress": {
    "packageId": "mirrors.tencent.com/espree/9.5.1",
    "requester": "/Users/xianqiulong/Projects/node/applet-request",
    "status": "resolved"
  },
  "160 debug pnpm:_dependency_resolved": {
    "resolution": "mirrors.tencent.com/natural-compare/1.4.0",
    "wanted": {
      "dependentId": "/eslint/8.37.0",
      "name": "natural-compare",
      "rawSpec": "^1.4.0"
    }
  },
  "161 debug pnpm:progress": {
    "packageId": "mirrors.tencent.com/natural-compare/1.4.0",
    "requester": "/Users/xianqiulong/Projects/node/applet-request",
    "status": "resolved"
  },
  "162 debug pnpm:progress": {
    "packageId": "mirrors.tencent.com/natural-compare/1.4.0",
    "requester": "/Users/xianqiulong/Projects/node/applet-request",
    "status": "found_in_store"
  },
  "163 debug pnpm:_dependency_resolved": {
    "resolution": "mirrors.tencent.com/glob-parent/6.0.2",
    "wanted": {
      "dependentId": "/eslint/8.37.0",
      "name": "glob-parent",
      "rawSpec": "^6.0.2"
    }
  },
  "164 debug pnpm:progress": {
    "packageId": "mirrors.tencent.com/glob-parent/6.0.2",
    "requester": "/Users/xianqiulong/Projects/node/applet-request",
    "status": "resolved"
  },
  "165 debug pnpm:progress": {
    "packageId": "mirrors.tencent.com/glob-parent/6.0.2",
    "requester": "/Users/xianqiulong/Projects/node/applet-request",
    "status": "found_in_store"
  },
  "166 debug pnpm:_dependency_resolved": {
    "resolution": "mirrors.tencent.com/js-sdsl/4.4.0",
    "wanted": {
      "dependentId": "/eslint/8.37.0",
      "name": "js-sdsl",
      "rawSpec": "^4.1.4"
    }
  },
  "167 debug pnpm:progress": {
    "packageId": "mirrors.tencent.com/js-sdsl/4.4.0",
    "requester": "/Users/xianqiulong/Projects/node/applet-request",
    "status": "resolved"
  },
  "168 debug pnpm:progress": {
    "packageId": "mirrors.tencent.com/js-sdsl/4.4.0",
    "requester": "/Users/xianqiulong/Projects/node/applet-request",
    "status": "found_in_store"
  },
  "169 debug pnpm:_dependency_resolved": {
    "resolution": "mirrors.tencent.com/grapheme-splitter/1.0.4",
    "wanted": {
      "dependentId": "/eslint/8.37.0",
      "name": "grapheme-splitter",
      "rawSpec": "^1.0.4"
    }
  },
  "170 debug pnpm:progress": {
    "packageId": "mirrors.tencent.com/grapheme-splitter/1.0.4",
    "requester": "/Users/xianqiulong/Projects/node/applet-request",
    "status": "resolved"
  },
  "171 debug pnpm:fetching-progress": {
    "attempt": 1,
    "packageId": "mirrors.tencent.com/espree/9.5.1",
    "size": 16319,
    "status": "started"
  },
  "172 debug pnpm:progress": {
    "packageId": "mirrors.tencent.com/grapheme-splitter/1.0.4",
    "requester": "/Users/xianqiulong/Projects/node/applet-request",
    "status": "found_in_store"
  },
  "173 debug pnpm:_dependency_resolved": {
    "resolution": "mirrors.tencent.com/@typescript-eslint/scope-manager/5.57.0",
    "wanted": {
      "dependentId": "/@typescript-eslint/parser/5.57.0",
      "name": "@typescript-eslint/scope-manager",
      "rawSpec": "5.57.0"
    }
  },
  "174 debug pnpm:progress": {
    "packageId": "mirrors.tencent.com/@typescript-eslint/scope-manager/5.57.0",
    "requester": "/Users/xianqiulong/Projects/node/applet-request",
    "status": "resolved"
  },
  "175 debug pnpm:_dependency_resolved": {
    "resolution": "mirrors.tencent.com/json-stable-stringify-without-jsonify/1.0.1",
    "wanted": {
      "dependentId": "/eslint/8.37.0",
      "name": "json-stable-stringify-without-jsonify",
      "rawSpec": "^1.0.1"
    }
  },
  "176 debug pnpm:progress": {
    "packageId": "mirrors.tencent.com/json-stable-stringify-without-jsonify/1.0.1",
    "requester": "/Users/xianqiulong/Projects/node/applet-request",
    "status": "resolved"
  },
  "177 debug pnpm:_dependency_resolved": {
    "resolution": "mirrors.tencent.com/debug/4.3.4",
    "wanted": {
      "dependentId": "/@typescript-eslint/parser/5.57.0",
      "name": "debug",
      "rawSpec": "^4.3.4"
    }
  },
  "178 debug pnpm:_dependency_resolved": {
    "resolution": "mirrors.tencent.com/@eslint-community/regexpp/4.5.0",
    "wanted": {
      "dependentId": "/@typescript-eslint/eslint-plugin/5.57.0",
      "name": "@eslint-community/regexpp",
      "rawSpec": "^4.4.0"
    }
  },
  "179 debug pnpm:progress": {
    "packageId": "mirrors.tencent.com/espree/9.5.1",
    "requester": "/Users/xianqiulong/Projects/node/applet-request",
    "status": "fetched"
  },
  "180 debug pnpm:_dependency_resolved": {
    "resolution": "mirrors.tencent.com/strip-json-comments/3.1.1",
    "wanted": {
      "dependentId": "/eslint/8.37.0",
      "name": "strip-json-comments",
      "rawSpec": "^3.1.0"
    }
  },
  "181 debug pnpm:progress": {
    "packageId": "mirrors.tencent.com/strip-json-comments/3.1.1",
    "requester": "/Users/xianqiulong/Projects/node/applet-request",
    "status": "resolved"
  },
  "182 debug pnpm:_dependency_resolved": {
    "resolution": "mirrors.tencent.com/@typescript-eslint/types/5.57.0",
    "wanted": {
      "dependentId": "/@typescript-eslint/parser/5.57.0",
      "name": "@typescript-eslint/types",
      "rawSpec": "5.57.0"
    }
  },
  "183 debug pnpm:progress": {
    "packageId": "mirrors.tencent.com/@typescript-eslint/types/5.57.0",
    "requester": "/Users/xianqiulong/Projects/node/applet-request",
    "status": "resolved"
  },
  "184 debug pnpm:_dependency_resolved": {
    "resolution": "mirrors.tencent.com/debug/4.3.4",
    "wanted": {
      "dependentId": "/@typescript-eslint/eslint-plugin/5.57.0",
      "name": "debug",
      "rawSpec": "^4.3.4"
    }
  },
  "185 debug pnpm:_dependency_resolved": {
    "resolution": "mirrors.tencent.com/grapheme-splitter/1.0.4",
    "wanted": {
      "dependentId": "/@typescript-eslint/eslint-plugin/5.57.0",
      "name": "grapheme-splitter",
      "rawSpec": "^1.0.4"
    }
  },
  "186 debug pnpm:_dependency_resolved": {
    "resolution": "mirrors.tencent.com/ignore/5.2.4",
    "wanted": {
      "dependentId": "/@typescript-eslint/eslint-plugin/5.57.0",
      "name": "ignore",
      "rawSpec": "^5.2.0"
    }
  },
  "187 debug pnpm:_dependency_resolved": {
    "resolution": "mirrors.tencent.com/imurmurhash/0.1.4",
    "wanted": {
      "dependentId": "/eslint/8.37.0",
      "name": "imurmurhash",
      "rawSpec": "^0.1.4"
    }
  },
  "188 debug pnpm:progress": {
    "packageId": "mirrors.tencent.com/imurmurhash/0.1.4",
    "requester": "/Users/xianqiulong/Projects/node/applet-request",
    "status": "resolved"
  },
  "189 debug pnpm:_dependency_resolved": {
    "resolution": "mirrors.tencent.com/text-table/0.2.0",
    "wanted": {
      "dependentId": "/eslint/8.37.0",
      "name": "text-table",
      "rawSpec": "^0.2.0"
    }
  },
  "190 debug pnpm:progress": {
    "packageId": "mirrors.tencent.com/text-table/0.2.0",
    "requester": "/Users/xianqiulong/Projects/node/applet-request",
    "status": "resolved"
  },
  "191 debug pnpm:_dependency_resolved": {
    "resolution": "mirrors.tencent.com/@typescript-eslint/type-utils/5.57.0",
    "wanted": {
      "dependentId": "/@typescript-eslint/eslint-plugin/5.57.0",
      "name": "@typescript-eslint/type-utils",
      "rawSpec": "5.57.0"
    }
  },
  "192 debug pnpm:progress": {
    "packageId": "mirrors.tencent.com/@typescript-eslint/type-utils/5.57.0",
    "requester": "/Users/xianqiulong/Projects/node/applet-request",
    "status": "resolved"
  },
  "193 debug pnpm:progress": {
    "packageId": "mirrors.tencent.com/@eslint/eslintrc/2.0.2",
    "requester": "/Users/xianqiulong/Projects/node/applet-request",
    "status": "fetched"
  },
  "194 debug pnpm:_dependency_resolved": {
    "resolution": "mirrors.tencent.com/@typescript-eslint/utils/5.57.0",
    "wanted": {
      "dependentId": "/@typescript-eslint/eslint-plugin/5.57.0",
      "name": "@typescript-eslint/utils",
      "rawSpec": "5.57.0"
    }
  },
  "195 debug pnpm:progress": {
    "packageId": "mirrors.tencent.com/@typescript-eslint/utils/5.57.0",
    "requester": "/Users/xianqiulong/Projects/node/applet-request",
    "status": "resolved"
  },
  "196 debug pnpm:_dependency_resolved": {
    "resolution": "mirrors.tencent.com/levn/0.4.1",
    "wanted": {
      "dependentId": "/eslint/8.37.0",
      "name": "levn",
      "rawSpec": "^0.4.1"
    }
  },
  "197 debug pnpm:progress": {
    "packageId": "mirrors.tencent.com/levn/0.4.1",
    "requester": "/Users/xianqiulong/Projects/node/applet-request",
    "status": "resolved"
  },
  "198 debug pnpm:_dependency_resolved": {
    "resolution": "mirrors.tencent.com/strip-ansi/6.0.1",
    "wanted": {
      "dependentId": "/eslint/8.37.0",
      "name": "strip-ansi",
      "rawSpec": "^6.0.1"
    }
  },
  "199 debug pnpm:progress": {
    "packageId": "mirrors.tencent.com/strip-ansi/6.0.1",
    "requester": "/Users/xianqiulong/Projects/node/applet-request",
    "status": "resolved"
  },
  "200 debug pnpm:_dependency_resolved": {
    "resolution": "mirrors.tencent.com/@typescript-eslint/scope-manager/5.57.0",
    "wanted": {
      "dependentId": "/@typescript-eslint/eslint-plugin/5.57.0",
      "name": "@typescript-eslint/scope-manager",
      "rawSpec": "5.57.0"
    }
  },
  "201 debug pnpm:_dependency_resolved": {
    "resolution": "mirrors.tencent.com/lodash.merge/4.6.2",
    "wanted": {
      "dependentId": "/eslint/8.37.0",
      "name": "lodash.merge",
      "rawSpec": "^4.6.2"
    }
  },
  "202 debug pnpm:progress": {
    "packageId": "mirrors.tencent.com/lodash.merge/4.6.2",
    "requester": "/Users/xianqiulong/Projects/node/applet-request",
    "status": "resolved"
  },
  "203 debug pnpm:_dependency_resolved": {
    "resolution": "mirrors.tencent.com/ms/2.1.2",
    "wanted": {
      "dependentId": "/debug/4.3.4",
      "name": "ms",
      "rawSpec": "2.1.2"
    }
  },
  "204 debug pnpm:progress": {
    "packageId": "mirrors.tencent.com/ms/2.1.2",
    "requester": "/Users/xianqiulong/Projects/node/applet-request",
    "status": "resolved"
  },
  "205 debug pnpm:_dependency_resolved": {
    "resolution": "mirrors.tencent.com/ignore/5.2.4",
    "wanted": {
      "dependentId": "/globby/13.1.3",
      "name": "ignore",
      "rawSpec": "^5.2.0"
    }
  },
  "206 debug pnpm:_dependency_resolved": {
    "resolution": "mirrors.tencent.com/js-yaml/4.1.0",
    "wanted": {
      "dependentId": "/eslint/8.37.0",
      "name": "js-yaml",
      "rawSpec": "^4.1.0"
    }
  },
  "207 debug pnpm:progress": {
    "packageId": "mirrors.tencent.com/js-yaml/4.1.0",
    "requester": "/Users/xianqiulong/Projects/node/applet-request",
    "status": "resolved"
  },
  "208 debug pnpm:_dependency_resolved": {
    "resolution": "mirrors.tencent.com/@typescript-eslint/typescript-estree/5.57.0",
    "wanted": {
      "dependentId": "/@typescript-eslint/parser/5.57.0",
      "name": "@typescript-eslint/typescript-estree",
      "rawSpec": "5.57.0"
    }
  },
  "209 debug pnpm:progress": {
    "packageId": "mirrors.tencent.com/@typescript-eslint/typescript-estree/5.57.0",
    "requester": "/Users/xianqiulong/Projects/node/applet-request",
    "status": "resolved"
  },
  "210 debug pnpm:fetching-progress": {
    "attempt": 1,
    "packageId": "mirrors.tencent.com/@vitest/ui/0.29.8",
    "size": 383514,
    "status": "started"
  },
  "211 debug pnpm:_dependency_resolved": {
    "resolution": "mirrors.tencent.com/@dcloudio/uni-app/3.0.0-alpha-3000020210521001",
    "wanted": {
      "dependentId": ".",
      "name": "@dcloudio/uni-app",
      "rawSpec": "^3.0.0-alpha-3000020210521001"
    }
  },
  "212 debug pnpm:progress": {
    "packageId": "mirrors.tencent.com/@dcloudio/uni-app/3.0.0-alpha-3000020210521001",
    "requester": "/Users/xianqiulong/Projects/node/applet-request",
    "status": "resolved"
  },
  "213 debug pnpm:_dependency_resolved": {
    "resolution": "mirrors.tencent.com/optionator/0.9.1",
    "wanted": {
      "dependentId": "/eslint/8.37.0",
      "name": "optionator",
      "rawSpec": "^0.9.1"
    }
  },
  "214 debug pnpm:progress": {
    "packageId": "mirrors.tencent.com/optionator/0.9.1",
    "requester": "/Users/xianqiulong/Projects/node/applet-request",
    "status": "resolved"
  },
  "215 debug pnpm:_dependency_resolved": {
    "resolution": "mirrors.tencent.com/natural-compare-lite/1.4.0",
    "wanted": {
      "dependentId": "/@typescript-eslint/eslint-plugin/5.57.0",
      "name": "natural-compare-lite",
      "rawSpec": "^1.4.0"
    }
  },
  "216 debug pnpm:progress": {
    "packageId": "mirrors.tencent.com/natural-compare-lite/1.4.0",
    "requester": "/Users/xianqiulong/Projects/node/applet-request",
    "status": "resolved"
  },
  "217 debug pnpm:_dependency_resolved": {
    "resolution": "mirrors.tencent.com/is-extglob/2.1.1",
    "wanted": {
      "dependentId": "/is-glob/4.0.3",
      "name": "is-extglob",
      "rawSpec": "^2.1.1"
    }
  },
  "218 debug pnpm:progress": {
    "packageId": "mirrors.tencent.com/is-extglob/2.1.1",
    "requester": "/Users/xianqiulong/Projects/node/applet-request",
    "status": "resolved"
  },
  "219 debug pnpm:_dependency_resolved": {
    "resolution": "mirrors.tencent.com/merge2/1.4.1",
    "wanted": {
      "dependentId": "/globby/13.1.3",
      "name": "merge2",
      "rawSpec": "^1.4.1"
    }
  },
  "220 debug pnpm:progress": {
    "packageId": "mirrors.tencent.com/merge2/1.4.1",
    "requester": "/Users/xianqiulong/Projects/node/applet-request",
    "status": "resolved"
  },
  "221 debug pnpm:progress": {
    "packageId": "mirrors.tencent.com/@typescript-eslint/scope-manager/5.57.0",
    "requester": "/Users/xianqiulong/Projects/node/applet-request",
    "status": "found_in_store"
  },
  "222 debug pnpm:_dependency_resolved": {
    "resolution": "mirrors.tencent.com/tslib/2.5.0",
    "wanted": {
      "dependentId": "/synckit/0.8.5",
      "name": "tslib",
      "rawSpec": "^2.5.0"
    }
  },
  "223 debug pnpm:progress": {
    "packageId": "mirrors.tencent.com/tslib/2.5.0",
    "requester": "/Users/xianqiulong/Projects/node/applet-request",
    "status": "resolved"
  },
  "224 debug pnpm:progress": {
    "packageId": "mirrors.tencent.com/json-stable-stringify-without-jsonify/1.0.1",
    "requester": "/Users/xianqiulong/Projects/node/applet-request",
    "status": "found_in_store"
  },
  "225 debug pnpm:progress": {
    "packageId": "mirrors.tencent.com/strip-json-comments/3.1.1",
    "requester": "/Users/xianqiulong/Projects/node/applet-request",
    "status": "found_in_store"
  },
  "226 debug pnpm:progress": {
    "packageId": "mirrors.tencent.com/@typescript-eslint/types/5.57.0",
    "requester": "/Users/xianqiulong/Projects/node/applet-request",
    "status": "found_in_store"
  },
  "227 debug pnpm:progress": {
    "packageId": "mirrors.tencent.com/text-table/0.2.0",
    "requester": "/Users/xianqiulong/Projects/node/applet-request",
    "status": "found_in_store"
  },
  "228 debug pnpm:progress": {
    "packageId": "mirrors.tencent.com/imurmurhash/0.1.4",
    "requester": "/Users/xianqiulong/Projects/node/applet-request",
    "status": "found_in_store"
  },
  "229 debug pnpm:_dependency_resolved": {
    "resolution": "mirrors.tencent.com/semver/7.3.8",
    "wanted": {
      "dependentId": "/@typescript-eslint/eslint-plugin/5.57.0",
      "name": "semver",
      "rawSpec": "^7.3.7"
    }
  },
  "230 debug pnpm:progress": {
    "packageId": "mirrors.tencent.com/semver/7.3.8",
    "requester": "/Users/xianqiulong/Projects/node/applet-request",
    "status": "resolved"
  },
  "231 debug pnpm:progress": {
    "packageId": "mirrors.tencent.com/@typescript-eslint/type-utils/5.57.0",
    "requester": "/Users/xianqiulong/Projects/node/applet-request",
    "status": "found_in_store"
  },
  "232 debug pnpm:_dependency_resolved": {
    "resolution": "mirrors.tencent.com/minimatch/3.1.2",
    "wanted": {
      "dependentId": "/eslint/8.37.0",
      "name": "minimatch",
      "rawSpec": "^3.1.2"
    }
  },
  "233 debug pnpm:progress": {
    "packageId": "mirrors.tencent.com/minimatch/3.1.2",
    "requester": "/Users/xianqiulong/Projects/node/applet-request",
    "status": "resolved"
  },
  "234 debug pnpm:_dependency_resolved": {
    "resolution": "mirrors.tencent.com/tsutils/3.21.0",
    "wanted": {
      "dependentId": "/@typescript-eslint/eslint-plugin/5.57.0",
      "name": "tsutils",
      "rawSpec": "^3.21.0"
    }
  },
  "235 debug pnpm:progress": {
    "packageId": "mirrors.tencent.com/tsutils/3.21.0",
    "requester": "/Users/xianqiulong/Projects/node/applet-request",
    "status": "resolved"
  },
  "236 debug pnpm:_dependency_resolved": {
    "resolution": "mirrors.tencent.com/resolve-from/5.0.0",
    "wanted": {
      "dependentId": "/@commitlint/cli/17.5.1",
      "name": "resolve-from",
      "rawSpec": "5.0.0"
    }
  },
  "237 debug pnpm:progress": {
    "packageId": "mirrors.tencent.com/resolve-from/5.0.0",
    "requester": "/Users/xianqiulong/Projects/node/applet-request",
    "status": "resolved"
  },
  "238 debug pnpm:_dependency_resolved": {
    "resolution": "mirrors.tencent.com/dir-glob/3.0.1",
    "wanted": {
      "dependentId": "/globby/13.1.3",
      "name": "dir-glob",
      "rawSpec": "^3.0.1"
    }
  },
  "239 debug pnpm:progress": {
    "packageId": "mirrors.tencent.com/dir-glob/3.0.1",
    "requester": "/Users/xianqiulong/Projects/node/applet-request",
    "status": "resolved"
  },
  "240 debug pnpm:_dependency_resolved": {
    "resolution": "mirrors.tencent.com/resolve-global/1.0.0",
    "wanted": {
      "dependentId": "/@commitlint/cli/17.5.1",
      "name": "resolve-global",
      "rawSpec": "1.0.0"
    }
  },
  "241 debug pnpm:progress": {
    "packageId": "mirrors.tencent.com/resolve-global/1.0.0",
    "requester": "/Users/xianqiulong/Projects/node/applet-request",
    "status": "resolved"
  },
  "242 debug pnpm:progress": {
    "packageId": "mirrors.tencent.com/@typescript-eslint/utils/5.57.0",
    "requester": "/Users/xianqiulong/Projects/node/applet-request",
    "status": "found_in_store"
  },
  "243 debug pnpm:_dependency_resolved": {
    "resolution": "mirrors.tencent.com/slash/4.0.0",
    "wanted": {
      "dependentId": "/globby/13.1.3",
      "name": "slash",
      "rawSpec": "^4.0.0"
    }
  },
  "244 debug pnpm:progress": {
    "packageId": "mirrors.tencent.com/slash/4.0.0",
    "requester": "/Users/xianqiulong/Projects/node/applet-request",
    "status": "resolved"
  },
  "245 debug pnpm:progress": {
    "packageId": "mirrors.tencent.com/levn/0.4.1",
    "requester": "/Users/xianqiulong/Projects/node/applet-request",
    "status": "found_in_store"
  },
  "246 debug pnpm:progress": {
    "packageId": "mirrors.tencent.com/strip-ansi/6.0.1",
    "requester": "/Users/xianqiulong/Projects/node/applet-request",
    "status": "found_in_store"
  },
  "247 debug pnpm:progress": {
    "packageId": "mirrors.tencent.com/lodash.merge/4.6.2",
    "requester": "/Users/xianqiulong/Projects/node/applet-request",
    "status": "found_in_store"
  },
  "248 debug pnpm:progress": {
    "packageId": "mirrors.tencent.com/ms/2.1.2",
    "requester": "/Users/xianqiulong/Projects/node/applet-request",
    "status": "found_in_store"
  },
  "249 debug pnpm:_dependency_resolved": {
    "resolution": "mirrors.tencent.com/graceful-fs/4.2.11",
    "wanted": {
      "dependentId": "/enhanced-resolve/5.12.0",
      "name": "graceful-fs",
      "rawSpec": "^4.2.4"
    }
  },
  "250 debug pnpm:progress": {
    "packageId": "mirrors.tencent.com/graceful-fs/4.2.11",
    "requester": "/Users/xianqiulong/Projects/node/applet-request",
    "status": "resolved"
  },
  "251 debug pnpm:progress": {
    "packageId": "mirrors.tencent.com/js-yaml/4.1.0",
    "requester": "/Users/xianqiulong/Projects/node/applet-request",
    "status": "found_in_store"
  },
  "252 debug pnpm:progress": {
    "packageId": "mirrors.tencent.com/@typescript-eslint/typescript-estree/5.57.0",
    "requester": "/Users/xianqiulong/Projects/node/applet-request",
    "status": "found_in_store"
  },
  "253 debug pnpm:_dependency_resolved": {
    "resolution": "mirrors.tencent.com/@commitlint/format/17.4.4",
    "wanted": {
      "dependentId": "/@commitlint/cli/17.5.1",
      "name": "@commitlint/format",
      "rawSpec": "^17.4.4"
    }
  },
  "254 debug pnpm:progress": {
    "packageId": "mirrors.tencent.com/@commitlint/format/17.4.4",
    "requester": "/Users/xianqiulong/Projects/node/applet-request",
    "status": "resolved"
  },
  "255 debug pnpm:_dependency_resolved": {
    "resolution": "mirrors.tencent.com/has/1.0.3",
    "wanted": {
      "dependentId": "/is-core-module/2.11.0",
      "name": "has",
      "rawSpec": "^1.0.3"
    }
  },
  "256 debug pnpm:progress": {
    "packageId": "mirrors.tencent.com/has/1.0.3",
    "requester": "/Users/xianqiulong/Projects/node/applet-request",
    "status": "resolved"
  },
  "257 debug pnpm:_dependency_resolved": {
    "resolution": "mirrors.tencent.com/@commitlint/lint/17.4.4",
    "wanted": {
      "dependentId": "/@commitlint/cli/17.5.1",
      "name": "@commitlint/lint",
      "rawSpec": "^17.4.4"
    }
  },
  "258 debug pnpm:progress": {
    "packageId": "mirrors.tencent.com/@commitlint/lint/17.4.4",
    "requester": "/Users/xianqiulong/Projects/node/applet-request",
    "status": "resolved"
  },
  "259 debug pnpm:progress": {
    "packageId": "mirrors.tencent.com/optionator/0.9.1",
    "requester": "/Users/xianqiulong/Projects/node/applet-request",
    "status": "found_in_store"
  },
  "260 debug pnpm:progress": {
    "packageId": "mirrors.tencent.com/natural-compare-lite/1.4.0",
    "requester": "/Users/xianqiulong/Projects/node/applet-request",
    "status": "found_in_store"
  },
  "261 debug pnpm:progress": {
    "packageId": "mirrors.tencent.com/@dcloudio/uni-app/3.0.0-alpha-3000020210521001",
    "requester": "/Users/xianqiulong/Projects/node/applet-request",
    "status": "found_in_store"
  },
  "262 debug pnpm:progress": {
    "packageId": "mirrors.tencent.com/merge2/1.4.1",
    "requester": "/Users/xianqiulong/Projects/node/applet-request",
    "status": "found_in_store"
  },
  "263 debug pnpm:progress": {
    "packageId": "mirrors.tencent.com/is-extglob/2.1.1",
    "requester": "/Users/xianqiulong/Projects/node/applet-request",
    "status": "found_in_store"
  },
  "264 debug pnpm:progress": {
    "packageId": "mirrors.tencent.com/tslib/2.5.0",
    "requester": "/Users/xianqiulong/Projects/node/applet-request",
    "status": "found_in_store"
  },
  "265 debug pnpm:progress": {
    "packageId": "mirrors.tencent.com/semver/7.3.8",
    "requester": "/Users/xianqiulong/Projects/node/applet-request",
    "status": "found_in_store"
  },
  "266 debug pnpm:progress": {
    "packageId": "mirrors.tencent.com/minimatch/3.1.2",
    "requester": "/Users/xianqiulong/Projects/node/applet-request",
    "status": "found_in_store"
  },
  "267 debug pnpm:progress": {
    "packageId": "mirrors.tencent.com/tsutils/3.21.0",
    "requester": "/Users/xianqiulong/Projects/node/applet-request",
    "status": "found_in_store"
  },
  "268 debug pnpm:progress": {
    "packageId": "mirrors.tencent.com/resolve-from/5.0.0",
    "requester": "/Users/xianqiulong/Projects/node/applet-request",
    "status": "found_in_store"
  },
  "269 debug pnpm:progress": {
    "packageId": "mirrors.tencent.com/dir-glob/3.0.1",
    "requester": "/Users/xianqiulong/Projects/node/applet-request",
    "status": "found_in_store"
  },
  "270 debug pnpm:progress": {
    "packageId": "mirrors.tencent.com/resolve-global/1.0.0",
    "requester": "/Users/xianqiulong/Projects/node/applet-request",
    "status": "found_in_store"
  },
  "271 debug pnpm:progress": {
    "packageId": "mirrors.tencent.com/slash/4.0.0",
    "requester": "/Users/xianqiulong/Projects/node/applet-request",
    "status": "found_in_store"
  },
  "272 debug pnpm:progress": {
    "packageId": "mirrors.tencent.com/graceful-fs/4.2.11",
    "requester": "/Users/xianqiulong/Projects/node/applet-request",
    "status": "found_in_store"
  },
  "273 debug pnpm:progress": {
    "packageId": "mirrors.tencent.com/@commitlint/format/17.4.4",
    "requester": "/Users/xianqiulong/Projects/node/applet-request",
    "status": "found_in_store"
  },
  "274 debug pnpm:progress": {
    "packageId": "mirrors.tencent.com/has/1.0.3",
    "requester": "/Users/xianqiulong/Projects/node/applet-request",
    "status": "found_in_store"
  },
  "275 debug pnpm:progress": {
    "packageId": "mirrors.tencent.com/@commitlint/lint/17.4.4",
    "requester": "/Users/xianqiulong/Projects/node/applet-request",
    "status": "found_in_store"
  },
  "276 debug pnpm:progress": {
    "packageId": "mirrors.tencent.com/@vitest/ui/0.29.8",
    "requester": "/Users/xianqiulong/Projects/node/applet-request",
    "status": "fetched"
  },
  "277 debug pnpm:_dependency_resolved": {
    "resolution": "mirrors.tencent.com/lodash.isfunction/3.0.9",
    "wanted": {
      "dependentId": "/@commitlint/cli/17.5.1",
      "name": "lodash.isfunction",
      "rawSpec": "^3.0.9"
    }
  },
  "278 debug pnpm:progress": {
    "packageId": "mirrors.tencent.com/lodash.isfunction/3.0.9",
    "requester": "/Users/xianqiulong/Projects/node/applet-request",
    "status": "resolved"
  },
  "279 debug pnpm:_dependency_resolved": {
    "resolution": "mirrors.tencent.com/semver/6.3.0",
    "wanted": {
      "dependentId": "/eslint-config-airbnb-base/15.0.0",
      "name": "semver",
      "rawSpec": "^6.3.0"
    }
  },
  "280 debug pnpm:progress": {
    "packageId": "mirrors.tencent.com/semver/6.3.0",
    "requester": "/Users/xianqiulong/Projects/node/applet-request",
    "status": "resolved"
  },
  "281 debug pnpm:_dependency_resolved": {
    "resolution": "mirrors.tencent.com/@commitlint/load/17.5.0",
    "wanted": {
      "dependentId": "/@commitlint/cli/17.5.1",
      "name": "@commitlint/load",
      "rawSpec": "^17.5.0"
    }
  },
  "282 debug pnpm:progress": {
    "packageId": "mirrors.tencent.com/@commitlint/load/17.5.0",
    "requester": "/Users/xianqiulong/Projects/node/applet-request",
    "status": "resolved"
  },
  "283 debug pnpm:_dependency_resolved": {
    "resolution": "mirrors.tencent.com/object-is/1.1.5",
    "wanted": {
      "dependentId": "/assert/2.0.0",
      "name": "object-is",
      "rawSpec": "^1.0.1"
    }
  },
  "284 debug pnpm:progress": {
    "packageId": "mirrors.tencent.com/object-is/1.1.5",
    "requester": "/Users/xianqiulong/Projects/node/applet-request",
    "status": "resolved"
  },
  "285 debug pnpm:_dependency_resolved": {
    "resolution": "mirrors.tencent.com/fast-glob/3.2.12",
    "wanted": {
      "dependentId": "/globby/13.1.3",
      "name": "fast-glob",
      "rawSpec": "^3.2.11"
    }
  },
  "286 debug pnpm:progress": {
    "packageId": "mirrors.tencent.com/fast-glob/3.2.12",
    "requester": "/Users/xianqiulong/Projects/node/applet-request",
    "status": "resolved"
  },
  "287 debug pnpm:_dependency_resolved": {
    "resolution": "mirrors.tencent.com/debug/3.2.7",
    "wanted": {
      "dependentId": "/eslint-plugin-import/2.27.5",
      "name": "debug",
      "rawSpec": "^3.2.7"
    }
  },
  "288 debug pnpm:progress": {
    "packageId": "mirrors.tencent.com/debug/3.2.7",
    "requester": "/Users/xianqiulong/Projects/node/applet-request",
    "status": "resolved"
  },
  "289 debug pnpm:_dependency_resolved": {
    "resolution": "mirrors.tencent.com/doctrine/2.1.0",
    "wanted": {
      "dependentId": "/eslint-plugin-import/2.27.5",
      "name": "doctrine",
      "rawSpec": "^2.1.0"
    }
  },
  "290 debug pnpm:progress": {
    "packageId": "mirrors.tencent.com/doctrine/2.1.0",
    "requester": "/Users/xianqiulong/Projects/node/applet-request",
    "status": "resolved"
  },
  "291 debug pnpm:_dependency_resolved": {
    "resolution": "mirrors.tencent.com/es6-object-assign/1.1.0",
    "wanted": {
      "dependentId": "/assert/2.0.0",
      "name": "es6-object-assign",
      "rawSpec": "^1.1.0"
    }
  },
  "292 debug pnpm:progress": {
    "packageId": "mirrors.tencent.com/es6-object-assign/1.1.0",
    "requester": "/Users/xianqiulong/Projects/node/applet-request",
    "status": "resolved"
  },
  "293 debug pnpm:progress": {
    "packageId": "mirrors.tencent.com/lodash.isfunction/3.0.9",
    "requester": "/Users/xianqiulong/Projects/node/applet-request",
    "status": "found_in_store"
  },
  "294 debug pnpm:progress": {
    "packageId": "mirrors.tencent.com/semver/6.3.0",
    "requester": "/Users/xianqiulong/Projects/node/applet-request",
    "status": "found_in_store"
  },
  "295 debug pnpm:progress": {
    "packageId": "mirrors.tencent.com/@commitlint/load/17.5.0",
    "requester": "/Users/xianqiulong/Projects/node/applet-request",
    "status": "found_in_store"
  },
  "296 debug pnpm:_dependency_resolved": {
    "resolution": "mirrors.tencent.com/object.assign/4.1.4",
    "wanted": {
      "dependentId": "/eslint-config-airbnb-base/15.0.0",
      "name": "object.assign",
      "rawSpec": "^4.1.2"
    }
  },
  "297 debug pnpm:progress": {
    "packageId": "mirrors.tencent.com/object.assign/4.1.4",
    "requester": "/Users/xianqiulong/Projects/node/applet-request",
    "status": "resolved"
  },
  "298 debug pnpm:_dependency_resolved": {
    "resolution": "mirrors.tencent.com/has/1.0.3",
    "wanted": {
      "dependentId": "/eslint-plugin-import/2.27.5",
      "name": "has",
      "rawSpec": "^1.0.3"
    }
  },
  "299 debug pnpm:_dependency_resolved": {
    "resolution": "mirrors.tencent.com/is-core-module/2.11.0",
    "wanted": {
      "dependentId": "/eslint-plugin-import/2.27.5",
      "name": "is-core-module",
      "rawSpec": "^2.11.0"
    }
  },
  "300 debug pnpm:_dependency_resolved": {
    "resolution": "mirrors.tencent.com/is-glob/4.0.3",
    "wanted": {
      "dependentId": "/eslint-plugin-import/2.27.5",
      "name": "is-glob",
      "rawSpec": "^4.0.3"
    }
  },
  "301 debug pnpm:_dependency_resolved": {
    "resolution": "mirrors.tencent.com/minimatch/3.1.2",
    "wanted": {
      "dependentId": "/eslint-plugin-import/2.27.5",
      "name": "minimatch",
      "rawSpec": "^3.1.2"
    }
  },
  "302 debug pnpm:progress": {
    "packageId": "mirrors.tencent.com/object-is/1.1.5",
    "requester": "/Users/xianqiulong/Projects/node/applet-request",
    "status": "found_in_store"
  },
  "303 debug pnpm:progress": {
    "packageId": "mirrors.tencent.com/fast-glob/3.2.12",
    "requester": "/Users/xianqiulong/Projects/node/applet-request",
    "status": "found_in_store"
  },
  "304 debug pnpm:progress": {
    "packageId": "mirrors.tencent.com/doctrine/2.1.0",
    "requester": "/Users/xianqiulong/Projects/node/applet-request",
    "status": "found_in_store"
  },
  "305 debug pnpm:progress": {
    "packageId": "mirrors.tencent.com/es6-object-assign/1.1.0",
    "requester": "/Users/xianqiulong/Projects/node/applet-request",
    "status": "found_in_store"
  },
  "306 debug pnpm:progress": {
    "packageId": "mirrors.tencent.com/debug/3.2.7",
    "requester": "/Users/xianqiulong/Projects/node/applet-request",
    "status": "found_in_store"
  },
  "307 debug pnpm:_dependency_resolved": {
    "resolution": "mirrors.tencent.com/array.prototype.flat/1.3.1",
    "wanted": {
      "dependentId": "/eslint-plugin-import/2.27.5",
      "name": "array.prototype.flat",
      "rawSpec": "^1.3.1"
    }
  },
  "308 debug pnpm:progress": {
    "packageId": "mirrors.tencent.com/array.prototype.flat/1.3.1",
    "requester": "/Users/xianqiulong/Projects/node/applet-request",
    "status": "resolved"
  },
  "309 debug pnpm:_dependency_resolved": {
    "resolution": "mirrors.tencent.com/confusing-browser-globals/1.0.11",
    "wanted": {
      "dependentId": "/eslint-config-airbnb-base/15.0.0",
      "name": "confusing-browser-globals",
      "rawSpec": "^1.0.10"
    }
  },
  "310 debug pnpm:progress": {
    "packageId": "mirrors.tencent.com/confusing-browser-globals/1.0.11",
    "requester": "/Users/xianqiulong/Projects/node/applet-request",
    "status": "resolved"
  },
  "311 debug pnpm:_dependency_resolved": {
    "resolution": "mirrors.tencent.com/semver/6.3.0",
    "wanted": {
      "dependentId": "/eslint-plugin-import/2.27.5",
      "name": "semver",
      "rawSpec": "^6.3.0"
    }
  },
  "312 debug pnpm:progress": {
    "packageId": "mirrors.tencent.com/object.assign/4.1.4",
    "requester": "/Users/xianqiulong/Projects/node/applet-request",
    "status": "found_in_store"
  },
  "313 debug pnpm:_dependency_resolved": {
    "resolution": "mirrors.tencent.com/execa/5.1.1",
    "wanted": {
      "dependentId": "/@commitlint/cli/17.5.1",
      "name": "execa",
      "rawSpec": "^5.0.0"
    }
  },
  "314 debug pnpm:progress": {
    "packageId": "mirrors.tencent.com/execa/5.1.1",
    "requester": "/Users/xianqiulong/Projects/node/applet-request",
    "status": "resolved"
  },
  "315 debug pnpm:_dependency_resolved": {
    "resolution": "mirrors.tencent.com/eslint-import-resolver-node/0.3.7",
    "wanted": {
      "dependentId": "/eslint-plugin-import/2.27.5",
      "name": "eslint-import-resolver-node",
      "rawSpec": "^0.3.7"
    }
  },
  "316 debug pnpm:progress": {
    "packageId": "mirrors.tencent.com/eslint-import-resolver-node/0.3.7",
    "requester": "/Users/xianqiulong/Projects/node/applet-request",
    "status": "resolved"
  },
  "317 debug pnpm:_dependency_resolved": {
    "resolution": "mirrors.tencent.com/array-includes/3.1.6",
    "wanted": {
      "dependentId": "/eslint-plugin-import/2.27.5",
      "name": "array-includes",
      "rawSpec": "^3.1.6"
    }
  },
  "318 debug pnpm:progress": {
    "packageId": "mirrors.tencent.com/array-includes/3.1.6",
    "requester": "/Users/xianqiulong/Projects/node/applet-request",
    "status": "resolved"
  },
  "319 debug pnpm:progress": {
    "packageId": "mirrors.tencent.com/array.prototype.flat/1.3.1",
    "requester": "/Users/xianqiulong/Projects/node/applet-request",
    "status": "found_in_store"
  },
  "320 debug pnpm:progress": {
    "packageId": "mirrors.tencent.com/confusing-browser-globals/1.0.11",
    "requester": "/Users/xianqiulong/Projects/node/applet-request",
    "status": "found_in_store"
  },
  "321 debug pnpm:progress": {
    "packageId": "mirrors.tencent.com/execa/5.1.1",
    "requester": "/Users/xianqiulong/Projects/node/applet-request",
    "status": "found_in_store"
  },
  "322 debug pnpm:progress": {
    "packageId": "mirrors.tencent.com/eslint-import-resolver-node/0.3.7",
    "requester": "/Users/xianqiulong/Projects/node/applet-request",
    "status": "found_in_store"
  },
  "323 debug pnpm:progress": {
    "packageId": "mirrors.tencent.com/array-includes/3.1.6",
    "requester": "/Users/xianqiulong/Projects/node/applet-request",
    "status": "found_in_store"
  },
  "324 debug pnpm:_dependency_resolved": {
    "resolution": "mirrors.tencent.com/util/0.12.5",
    "wanted": {
      "dependentId": "/assert/2.0.0",
      "name": "util",
      "rawSpec": "^0.12.0"
    }
  },
  "325 debug pnpm:progress": {
    "packageId": "mirrors.tencent.com/util/0.12.5",
    "requester": "/Users/xianqiulong/Projects/node/applet-request",
    "status": "resolved"
  },
  "326 debug pnpm:progress": {
    "packageId": "mirrors.tencent.com/util/0.12.5",
    "requester": "/Users/xianqiulong/Projects/node/applet-request",
    "status": "found_in_store"
  },
  "327 debug pnpm:_dependency_resolved": {
    "resolution": "mirrors.tencent.com/@commitlint/types/17.4.4",
    "wanted": {
      "dependentId": "/@commitlint/cli/17.5.1",
      "name": "@commitlint/types",
      "rawSpec": "^17.4.4"
    }
  },
  "328 debug pnpm:progress": {
    "packageId": "mirrors.tencent.com/@commitlint/types/17.4.4",
    "requester": "/Users/xianqiulong/Projects/node/applet-request",
    "status": "resolved"
  },
  "329 debug pnpm:progress": {
    "packageId": "mirrors.tencent.com/@commitlint/types/17.4.4",
    "requester": "/Users/xianqiulong/Projects/node/applet-request",
    "status": "found_in_store"
  },
  "330 debug pnpm:_dependency_resolved": {
    "resolution": "mirrors.tencent.com/object.values/1.1.6",
    "wanted": {
      "dependentId": "/eslint-plugin-import/2.27.5",
      "name": "object.values",
      "rawSpec": "^1.1.6"
    }
  },
  "331 debug pnpm:progress": {
    "packageId": "mirrors.tencent.com/object.values/1.1.6",
    "requester": "/Users/xianqiulong/Projects/node/applet-request",
    "status": "resolved"
  },
  "332 debug pnpm:progress": {
    "packageId": "mirrors.tencent.com/object.values/1.1.6",
    "requester": "/Users/xianqiulong/Projects/node/applet-request",
    "status": "found_in_store"
  },
  "333 debug pnpm:_dependency_resolved": {
    "resolution": "mirrors.tencent.com/object.entries/1.1.6",
    "wanted": {
      "dependentId": "/eslint-config-airbnb-base/15.0.0",
      "name": "object.entries",
      "rawSpec": "^1.1.5"
    }
  },
  "334 debug pnpm:progress": {
    "packageId": "mirrors.tencent.com/object.entries/1.1.6",
    "requester": "/Users/xianqiulong/Projects/node/applet-request",
    "status": "resolved"
  },
  "335 debug pnpm:progress": {
    "packageId": "mirrors.tencent.com/object.entries/1.1.6",
    "requester": "/Users/xianqiulong/Projects/node/applet-request",
    "status": "found_in_store"
  },
  "336 debug pnpm:_dependency_resolved": {
    "resolution": "mirrors.tencent.com/is-nan/1.3.2",
    "wanted": {
      "dependentId": "/assert/2.0.0",
      "name": "is-nan",
      "rawSpec": "^1.2.1"
    }
  },
  "337 debug pnpm:progress": {
    "packageId": "mirrors.tencent.com/is-nan/1.3.2",
    "requester": "/Users/xianqiulong/Projects/node/applet-request",
    "status": "resolved"
  },
  "338 debug pnpm:progress": {
    "packageId": "mirrors.tencent.com/is-nan/1.3.2",
    "requester": "/Users/xianqiulong/Projects/node/applet-request",
    "status": "found_in_store"
  },
  "339 debug pnpm:_dependency_resolved": {
    "resolution": "mirrors.tencent.com/@commitlint/read/17.5.1",
    "wanted": {
      "dependentId": "/@commitlint/cli/17.5.1",
      "name": "@commitlint/read",
      "rawSpec": "^17.5.1"
    }
  },
  "340 debug pnpm:progress": {
    "packageId": "mirrors.tencent.com/@commitlint/read/17.5.1",
    "requester": "/Users/xianqiulong/Projects/node/applet-request",
    "status": "resolved"
  },
  "341 debug pnpm:progress": {
    "packageId": "mirrors.tencent.com/@commitlint/read/17.5.1",
    "requester": "/Users/xianqiulong/Projects/node/applet-request",
    "status": "found_in_store"
  },
  "342 debug pnpm:_dependency_resolved": {
    "resolution": "mirrors.tencent.com/@tsconfig/node16/1.0.3",
    "wanted": {
      "dependentId": "/ts-node/10.9.1",
      "name": "@tsconfig/node16",
      "rawSpec": "^1.0.2"
    }
  },
  "343 debug pnpm:progress": {
    "packageId": "mirrors.tencent.com/@tsconfig/node16/1.0.3",
    "requester": "/Users/xianqiulong/Projects/node/applet-request",
    "status": "resolved"
  },
  "344 debug pnpm:_dependency_resolved": {
    "resolution": "mirrors.tencent.com/array.prototype.flatmap/1.3.1",
    "wanted": {
      "dependentId": "/eslint-plugin-import/2.27.5",
      "name": "array.prototype.flatmap",
      "rawSpec": "^1.3.1"
    }
  },
  "345 debug pnpm:progress": {
    "packageId": "mirrors.tencent.com/array.prototype.flatmap/1.3.1",
    "requester": "/Users/xianqiulong/Projects/node/applet-request",
    "status": "resolved"
  },
  "346 debug pnpm:_dependency_resolved": {
    "resolution": "mirrors.tencent.com/acorn-walk/8.2.0",
    "wanted": {
      "dependentId": "/ts-node/10.9.1",
      "name": "acorn-walk",
      "rawSpec": "^8.1.1"
    }
  },
  "347 debug pnpm:progress": {
    "packageId": "mirrors.tencent.com/acorn-walk/8.2.0",
    "requester": "/Users/xianqiulong/Projects/node/applet-request",
    "status": "resolved"
  },
  "348 debug pnpm:_dependency_resolved": {
    "resolution": "mirrors.tencent.com/acorn/8.8.2",
    "wanted": {
      "dependentId": "/ts-node/10.9.1",
      "name": "acorn",
      "rawSpec": "^8.4.1"
    }
  },
  "349 debug pnpm:progress": {
    "packageId": "mirrors.tencent.com/acorn/8.8.2",
    "requester": "/Users/xianqiulong/Projects/node/applet-request",
    "status": "resolved"
  },
  "350 debug pnpm:progress": {
    "packageId": "mirrors.tencent.com/@tsconfig/node16/1.0.3",
    "requester": "/Users/xianqiulong/Projects/node/applet-request",
    "status": "found_in_store"
  },
  "351 debug pnpm:progress": {
    "packageId": "mirrors.tencent.com/acorn-walk/8.2.0",
    "requester": "/Users/xianqiulong/Projects/node/applet-request",
    "status": "found_in_store"
  },
  "352 debug pnpm:progress": {
    "packageId": "mirrors.tencent.com/array.prototype.flatmap/1.3.1",
    "requester": "/Users/xianqiulong/Projects/node/applet-request",
    "status": "found_in_store"
  },
  "353 debug pnpm:_dependency_resolved": {
    "resolution": "mirrors.tencent.com/@tsconfig/node10/1.0.9",
    "wanted": {
      "dependentId": "/ts-node/10.9.1",
      "name": "@tsconfig/node10",
      "rawSpec": "^1.0.7"
    }
  },
  "354 debug pnpm:progress": {
    "packageId": "mirrors.tencent.com/@tsconfig/node10/1.0.9",
    "requester": "/Users/xianqiulong/Projects/node/applet-request",
    "status": "resolved"
  },
  "355 debug pnpm:_dependency_resolved": {
    "resolution": "mirrors.tencent.com/@cspotcode/source-map-support/0.8.1",
    "wanted": {
      "dependentId": "/ts-node/10.9.1",
      "name": "@cspotcode/source-map-support",
      "rawSpec": "^0.8.0"
    }
  },
  "356 debug pnpm:progress": {
    "packageId": "mirrors.tencent.com/@cspotcode/source-map-support/0.8.1",
    "requester": "/Users/xianqiulong/Projects/node/applet-request",
    "status": "resolved"
  },
  "357 debug pnpm:_dependency_resolved": {
    "resolution": "mirrors.tencent.com/chalk/5.2.0",
    "wanted": {
      "dependentId": "/lint-staged/13.2.0",
      "name": "chalk",
      "rawSpec": "5.2.0"
    }
  },
  "358 debug pnpm:progress": {
    "packageId": "mirrors.tencent.com/chalk/5.2.0",
    "requester": "/Users/xianqiulong/Projects/node/applet-request",
    "status": "resolved"
  },
  "359 debug pnpm:_dependency_resolved": {
    "resolution": "mirrors.tencent.com/yn/3.1.1",
    "wanted": {
      "dependentId": "/ts-node/10.9.1",
      "name": "yn",
      "rawSpec": "3.1.1"
    }
  },
  "360 debug pnpm:progress": {
    "packageId": "mirrors.tencent.com/yn/3.1.1",
    "requester": "/Users/xianqiulong/Projects/node/applet-request",
    "status": "resolved"
  },
  "361 debug pnpm:progress": {
    "packageId": "mirrors.tencent.com/acorn/8.8.2",
    "requester": "/Users/xianqiulong/Projects/node/applet-request",
    "status": "found_in_store"
  },
  "362 debug pnpm:progress": {
    "packageId": "mirrors.tencent.com/@tsconfig/node10/1.0.9",
    "requester": "/Users/xianqiulong/Projects/node/applet-request",
    "status": "found_in_store"
  },
  "363 debug pnpm:progress": {
    "packageId": "mirrors.tencent.com/@cspotcode/source-map-support/0.8.1",
    "requester": "/Users/xianqiulong/Projects/node/applet-request",
    "status": "found_in_store"
  },
  "364 debug pnpm:progress": {
    "packageId": "mirrors.tencent.com/chalk/5.2.0",
    "requester": "/Users/xianqiulong/Projects/node/applet-request",
    "status": "found_in_store"
  },
  "365 debug pnpm:progress": {
    "packageId": "mirrors.tencent.com/yn/3.1.1",
    "requester": "/Users/xianqiulong/Projects/node/applet-request",
    "status": "found_in_store"
  },
  "366 debug pnpm:_dependency_resolved": {
    "resolution": "mirrors.tencent.com/eslint-module-utils/2.7.4",
    "wanted": {
      "dependentId": "/eslint-plugin-import/2.27.5",
      "name": "eslint-module-utils",
      "rawSpec": "^2.7.4"
    }
  },
  "367 debug pnpm:progress": {
    "packageId": "mirrors.tencent.com/eslint-module-utils/2.7.4",
    "requester": "/Users/xianqiulong/Projects/node/applet-request",
    "status": "resolved"
  },
  "368 debug pnpm:_dependency_resolved": {
    "resolution": "mirrors.tencent.com/debug/4.3.4",
    "wanted": {
      "dependentId": "/lint-staged/13.2.0",
      "name": "debug",
      "rawSpec": "^4.3.4"
    }
  },
  "369 warn pnpm:install-check": {
    "message": "Unsupported engine for mirrors.tencent.com/execa/7.1.1: wanted: {\"node\":\"^14.18.0 || ^16.14.0 || >=18.0.0\"} (current: {\"node\":\"v16.13.1\",\"pnpm\":\"6.32.20\"})",
    "prefix": "/Users/xianqiulong/Projects/node/applet-request"
  },
  "370 error pnpm": {
    "code": "ERR_PNPM_UNSUPPORTED_ENGINE",
    "packageId": "mirrors.tencent.com/execa/7.1.1",
    "wanted": {
      "node": "^14.18.0 || ^16.14.0 || >=18.0.0"
    },
    "current": {
      "node": "v16.13.1",
      "pnpm": "6.32.20"
    },
    "pkgsStack": [
      {
        "id": "mirrors.tencent.com/lint-staged/13.2.0",
        "name": "lint-staged",
        "version": "13.2.0"
      }
    ],
    "err": {
      "name": "pnpm",
      "message": "Unsupported engine for mirrors.tencent.com/execa/7.1.1: wanted: {\"node\":\"^14.18.0 || ^16.14.0 || >=18.0.0\"} (current: {\"node\":\"v16.13.1\",\"pnpm\":\"6.32.20\"})",
      "code": "ERR_PNPM_UNSUPPORTED_ENGINE",
      "stack": "pnpm: Unsupported engine for mirrors.tencent.com/execa/7.1.1: wanted: {\"node\":\"^14.18.0 || ^16.14.0 || >=18.0.0\"} (current: {\"node\":\"v16.13.1\",\"pnpm\":\"6.32.20\"})\n    at checkEngine (/Users/xianqiulong/.nvm/versions/node/v16.13.1/lib/node_modules/pnpm/dist/pnpm.cjs:41422:16)\n    at checkPackage (/Users/xianqiulong/.nvm/versions/node/v16.13.1/lib/node_modules/pnpm/dist/pnpm.cjs:43518:104)\n    at packageIsInstallable (/Users/xianqiulong/.nvm/versions/node/v16.13.1/lib/node_modules/pnpm/dist/pnpm.cjs:43488:20)\n    at resolveAndFetch (/Users/xianqiulong/.nvm/versions/node/v16.13.1/lib/node_modules/pnpm/dist/pnpm.cjs:74674:117)\n    at runMicrotasks (<anonymous>)\n    at processTicksAndRejections (node:internal/process/task_queues:96:5)\n    at async resolveDependency (/Users/xianqiulong/.nvm/versions/node/v16.13.1/lib/node_modules/pnpm/dist/pnpm.cjs:116869:23)\n    at async resolveDependenciesOfDependency (/Users/xianqiulong/.nvm/versions/node/v16.13.1/lib/node_modules/pnpm/dist/pnpm.cjs:116699:39)\n    at async Promise.all (index 4)\n    at async resolveDependencies (/Users/xianqiulong/.nvm/versions/node/v16.13.1/lib/node_modules/pnpm/dist/pnpm.cjs:116627:29)"
    }
  }
}